POST /api/users/profilepic 200 62 - 279.347 ms
POST /api/users/profiledetails 200 609 - 280.508 ms
POST /api/users/profiledetails 200 609 - 292.234 ms
POST /api/users/profilepic 200 62 - 266.790 ms
POST /api/auth/adminLogin 200 15 - 275.248 ms
GET /api/services/alltransactions 200 1242 - 239.915 ms
GET /api/users 200 5238 - 283.246 ms
GET /api/users 304 - - 321.741 ms
GET /api/products 304 - - 332.304 ms
GET /api/services/alltransactions 304 - - 237.075 ms
GET /api/services/allqueries 200 814 - 229.403 ms
GET /api/users 304 - - 229.654 ms
GET /api/services/alltransactions 304 - - 260.026 ms
GET /api/users 304 - - 239.075 ms
GET /api/products 304 - - 244.221 ms
GET /api/services/allqueries 304 - - 227.081 ms
GET /api/products/healthcare 200 2 - 61.191 ms
GET /api/products/pharmaceutical 200 2 - 69.335 ms
GET /api/products/medicines 200 2 - 117.034 ms
GET /api/products/medicines 304 - - 44.284 ms
GET /api/products/healthcare 304 - - 70.770 ms
GET /api/products/pharmaceutical 304 - - 66.887 ms
GET /api/products/medicines 304 - - 57.923 ms
GET /api/products/medicines 304 - - 49.994 ms
GET /api/products/pharmaceutical 304 - - 606.262 ms
GET /api/products/healthcare 304 - - 632.647 ms
GET /api/products/pharmaceutical 304 - - 26.390 ms
GET /api/products/medicines 304 - - 661.321 ms
GET /api/products/healthcare 304 - - 53.154 ms
GET /api/products/medicines 304 - - 60.110 ms
GET /api/products/healthcare 304 - - 49.484 ms
GET /api/products/healthcare 304 - - 47.337 ms
GET /api/products/pharmaceutical 304 - - 34.066 ms
GET /api/products/healthcare 304 - - 42.502 ms
GET /api/products/medicines 304 - - 58.212 ms
GET /api/products/healthcare 304 - - 33.978 ms
GET /api/products/pharmaceutical 304 - - 39.271 ms
GET /api/products/medicines 304 - - 49.277 ms
GET /api/products/medicines 304 - - 96.544 ms
GET /api/products/healthcare 304 - - 79.132 ms
GET /api/products/pharmaceutical 304 - - 74.784 ms
GET /api/products/healthcare 304 - - 48.862 ms
GET /api/products/medicines 304 - - 61.415 ms
GET /api/products/pharmaceutical 304 - - 57.550 ms
POST /api/auth/register 200 435 - 1172.814 ms
POST /api/auth/login 200 664 - 1530.166 ms
GET /api/products/medicines 304 - - 72.095 ms
GET /api/products/healthcare 304 - - 68.158 ms
GET /api/products/pharmaceutical 304 - - 66.524 ms
GET /api/products/medicines 304 - - 54.932 ms
GET /api/products/healthcare 304 - - 53.539 ms
GET /api/products/pharmaceutical 304 - - 52.938 ms
GET /api/products 200 2 - 52.130 ms
GET /api/products 304 - - 53.991 ms
POST /api/products/newProduct 200 15 - 139.705 ms
GET /api/products/medicines 200 176 - 57.993 ms
GET /api/products/medicines 304 - - 65.295 ms
GET /api/products/healthcare 304 - - 67.660 ms
GET /api/products/healthcare 304 - - 64.855 ms
GET /api/products/pharmaceutical 304 - - 60.906 ms
GET /api/products/pharmaceutical 304 - - 57.173 ms
GET /api/products/medicines 304 - - 62.694 ms
GET /api/products/medicines 304 - - 59.778 ms
POST /api/products/660e843181737fa699cd3d7f 200 174 - 66.275 ms
POST /api/products/660e843181737fa699cd3d7f 200 174 - 71.222 ms
POST /api/products/660e843181737fa699cd3d7f 200 4 - 65.819 ms
POST /api/products/660e843181737fa699cd3d7f 200 4 - 62.794 ms
GET /api/products/medicines 200 2 - 85.578 ms
GET /api/products/healthcare 304 - - 85.080 ms
GET /api/products/pharmaceutical 304 - - 95.489 ms
GET /api/products/medicines 304 - - 269.363 ms
GET /api/products/healthcare 304 - - 268.904 ms
GET /api/products/pharmaceutical 304 - - 259.100 ms
POST /api/users/profiledetails 200 421 - 122.401 ms
POST /api/users/profiledetails 200 421 - 384.591 ms
POST /api/users/profilepic 200 62 - 67.227 ms
POST /api/users/profilepic 200 62 - 53.832 ms
POST /api/users/updateprofile 200 53 - 1196.316 ms
POST /api/users/profiledetails 200 421 - 75.829 ms
POST /api/users/profiledetails 200 421 - 82.715 ms
GET /api/products/healthcare 304 - - 209.934 ms
GET /api/products/healthcare 304 - - 168.593 ms
GET /api/products/healthcare 304 - - 51.517 ms
GET /api/products/healthcare 304 - - 93.704 ms
GET /api/products/medicines 304 - - 167.200 ms
GET /api/products/healthcare 304 - - 166.737 ms
GET /api/products/pharmaceutical 304 - - 171.524 ms
GET /api/products/medicines 304 - - 57.953 ms
GET /api/products/healthcare 304 - - 56.768 ms
GET /api/products/pharmaceutical 304 - - 52.320 ms
GET / 404 139 - 7.674 ms
GET /api/products/healthcare 304 - - 54.491 ms
GET /api/products/medicines 304 - - 93.050 ms
GET /api/products/pharmaceutical 304 - - 69.948 ms
GET /api/products/medicines 304 - - 45.967 ms
GET /api/products/healthcare 304 - - 59.656 ms
GET /api/products/pharmaceutical 304 - - 56.897 ms
GET /api/products/medicines 304 - - 63.495 ms
GET /api/products/pharmaceutical 304 - - 80.004 ms
GET /api/products/healthcare 304 - - 96.565 ms
GET /api/products/medicines 304 - - 55.857 ms
GET /api/products/pharmaceutical 304 - - 44.453 ms
GET /api/products/healthcare 304 - - 58.207 ms
POST /api/auth/login 200 664 - 1343.494 ms
GET /api/products/medicines 304 - - 58.597 ms
GET /api/products/healthcare 304 - - 64.423 ms
GET /api/products/pharmaceutical 304 - - 57.576 ms
GET /api/products/medicines 304 - - 64.614 ms
GET /api/products/pharmaceutical 304 - - 41.896 ms
GET /api/products/healthcare 304 - - 55.855 ms
POST /api/users/profiledetails 200 421 - 42.573 ms
POST /api/users/profiledetails 200 421 - 56.157 ms
GET /api/products/healthcare 304 - - 50.537 ms
GET /api/products/medicines 304 - - 66.588 ms
GET /api/products/pharmaceutical 304 - - 55.200 ms
GET /api/products/healthcare 304 - - 98.180 ms
GET /api/products/pharmaceutical 304 - - 495.982 ms
GET /api/products/medicines 304 - - 505.744 ms
GET /api/products/medicines 304 - - 60.933 ms
GET /api/products/healthcare 304 - - 60.449 ms
GET /api/products/pharmaceutical 304 - - 68.718 ms
GET /api/products/medicines 304 - - 54.406 ms
GET /api/products/pharmaceutical 304 - - 45.100 ms
GET /api/products/healthcare 304 - - 54.192 ms
GET /api/products/medicines 304 - - 53.665 ms
GET /api/products/medicines 304 - - 59.808 ms
GET /api/products/healthcare 304 - - 50.642 ms
GET /api/products/healthcare 304 - - 56.202 ms
GET /api/products/pharmaceutical 304 - - 58.123 ms
GET /api/products/pharmaceutical 304 - - 50.173 ms
GET /api/products/medicines 304 - - 50.289 ms
GET /api/products/healthcare 304 - - 52.506 ms
GET /api/products/pharmaceutical 304 - - 60.511 ms
GET /api/products/healthcare 304 - - 41.454 ms
GET /api/products/medicines 304 - - 49.951 ms
GET /api/products/pharmaceutical 304 - - 55.630 ms
GET /api/products/medicines 304 - - 83.322 ms
GET /api/products/medicines 304 - - 50.767 ms
GET /api/products/pharmaceutical 304 - - 40.151 ms
GET /api/products/medicines 304 - - 52.584 ms
GET /api/products/healthcare 304 - - 54.057 ms
GET /api/products/pharmaceutical 304 - - 45.023 ms
GET /api/products/medicines 304 - - 67.531 ms
GET /api/products/healthcare 304 - - 80.730 ms
POST /api/auth/login 200 664 - 1063.507 ms
GET /api/products/healthcare 304 - - 36.709 ms
GET /api/products/medicines 304 - - 56.537 ms
GET /api/products/pharmaceutical 304 - - 44.517 ms
GET /api/products/healthcare 304 - - 37.750 ms
GET /api/products/pharmaceutical 304 - - 36.141 ms
GET /api/products/medicines 304 - - 43.781 ms
GET /api/products 200 2 - 42.063 ms
GET /api/products 304 - - 41.794 ms
POST /api/products/newProduct 200 15 - 127.858 ms
GET /api/products/medicines 200 226 - 42.588 ms
GET /api/products/medicines 304 - - 42.326 ms
GET /api/products/medicines 304 - - 43.933 ms
GET /api/products/healthcare 304 - - 41.048 ms
GET /api/products/pharmaceutical 304 - - 36.420 ms
GET /api/products/medicines 304 - - 44.182 ms
GET /api/products/healthcare 304 - - 37.183 ms
GET /api/products/pharmaceutical 304 - - 41.509 ms
POST /api/auth/login 200 664 - 1077.182 ms
GET /api/products/healthcare 304 - - 41.761 ms
GET /api/products/pharmaceutical 304 - - 38.217 ms
GET /api/products/medicines 304 - - 54.246 ms
GET /api/products/pharmaceutical 304 - - 34.017 ms
GET /api/products/medicines 304 - - 31.690 ms
GET /api/products/healthcare 304 - - 43.807 ms
GET /api/products/medicines 304 - - 44.875 ms
GET /api/products/medicines 304 - - 51.276 ms
POST /api/products/6610d97f14ecc7a1541a9b4b 200 224 - 35.958 ms
POST /api/products/6610d97f14ecc7a1541a9b4b 200 224 - 46.235 ms
GET /api/products/medicines 304 - - 43.607 ms
GET /api/products/medicines 304 - - 44.993 ms
GET /api/products/medicines 304 - - 141.535 ms
GET /api/products/healthcare 304 - - 139.695 ms
GET /api/products/pharmaceutical 304 - - 138.901 ms
GET /api/products/healthcare 304 - - 44.287 ms
GET /api/products/medicines 304 - - 73.127 ms
GET /api/products/pharmaceutical 304 - - 115.836 ms
POST /api/auth/login 200 664 - 994.581 ms
POST /api/auth/login 200 664 - 861.887 ms
POST /api/auth/login 200 664 - 428.210 ms
GET /api/products/medicines 200 2 - 139.711 ms
GET /api/products/pharmaceutical 304 - - 136.743 ms
GET /api/products/healthcare 304 - - 156.740 ms
GET /api/products/medicines 304 - - 129.951 ms
GET /api/products/pharmaceutical 304 - - 139.685 ms
GET /api/products/healthcare 304 - - 222.321 ms
GET /api/products/healthcare 304 - - 3082.467 ms
GET /api/products/medicines 304 - - 3127.982 ms
GET /api/products/pharmaceutical 304 - - 3135.913 ms
GET /api/products/healthcare 304 - - 237.622 ms
GET /api/products/medicines 304 - - 238.944 ms
GET /api/products/pharmaceutical 304 - - 240.941 ms
GET /api/products/healthcare 304 - - 378.990 ms
GET /api/products/healthcare 304 - - 42.201 ms
GET /api/products/medicines 304 - - 473.547 ms
GET /api/products/medicines 304 - - 53.200 ms
GET /api/products/pharmaceutical 304 - - 691.256 ms
GET /api/products/pharmaceutical 304 - - 50.205 ms
GET /api/products/medicines 304 - - 50.844 ms
GET /api/products/medicines 304 - - 52.956 ms
GET /api/products/pharmaceutical 304 - - 40.606 ms
GET /api/products/medicines 304 - - 48.598 ms
GET /api/products/healthcare 304 - - 52.620 ms
GET /api/products/medicines 304 - - 38.794 ms
GET /api/products/pharmaceutical 304 - - 50.638 ms
GET /api/products/healthcare 304 - - 51.719 ms
GET /api/products/medicines 304 - - 54.978 ms
GET /api/products/medicines 304 - - 52.250 ms
GET /api/products/pharmaceutical 304 - - 37.423 ms
GET /api/products/medicines 304 - - 51.843 ms
GET /api/products/healthcare 304 - - 50.449 ms
GET /api/products/pharmaceutical 304 - - 49.385 ms
GET /api/products/medicines 304 - - 49.309 ms
GET /api/products/healthcare 304 - - 53.788 ms
GET /api/products/medicines 304 - - 54.416 ms
GET /api/products/medicines 304 - - 55.229 ms
GET /api/products/healthcare 304 - - 54.558 ms
GET /api/products/healthcare 304 - - 53.803 ms
GET /api/products/pharmaceutical 304 - - 54.667 ms
GET /api/products/pharmaceutical 304 - - 52.646 ms
GET /api/products/healthcare 304 - - 55.905 ms
GET /api/products/healthcare 304 - - 50.997 ms
GET /api/products/medicines 304 - - 52.667 ms
GET /api/products/medicines 304 - - 52.101 ms
GET /api/products/healthcare 304 - - 38.439 ms
GET /api/products/medicines 304 - - 53.058 ms
GET /api/products/pharmaceutical 304 - - 50.303 ms
GET /api/products/healthcare 304 - - 37.489 ms
GET /api/products/medicines 304 - - 53.029 ms
GET /api/products/pharmaceutical 304 - - 54.821 ms
GET /api/products/pharmaceutical 304 - - 40.374 ms
GET /api/products/medicines 304 - - 53.454 ms
GET /api/products/healthcare 304 - - 51.776 ms
GET /api/products/pharmaceutical 304 - - 38.241 ms
GET /api/products/medicines 304 - - 50.677 ms
GET /api/products/healthcare 304 - - 52.441 ms
GET /api/products/pharmaceutical 304 - - 45.094 ms
GET /api/products/medicines 304 - - 55.570 ms
GET /api/products/healthcare 304 - - 51.077 ms
GET /api/products/healthcare 304 - - 39.833 ms
GET /api/products/pharmaceutical 304 - - 50.058 ms
GET /api/products/medicines 304 - - 52.804 ms
GET /api/products/medicines 304 - - 71.734 ms
GET /api/products/healthcare 304 - - 61.271 ms
GET /api/products/pharmaceutical 304 - - 58.438 ms
GET /api/products/medicines 304 - - 32.929 ms
GET /api/products/healthcare 304 - - 35.846 ms
GET /api/products/pharmaceutical 304 - - 37.487 ms
GET /api/products/pharmaceutical 304 - - 153.766 ms
GET /api/products/medicines 304 - - 172.080 ms
GET /api/products/healthcare 304 - - 168.143 ms
GET /api/products/pharmaceutical 304 - - 52.806 ms
GET /api/products/medicines 304 - - 61.536 ms
GET /api/products/healthcare 304 - - 75.953 ms
GET /api/products/pharmaceutical 304 - - 350.559 ms
GET /api/products/healthcare 304 - - 372.952 ms
GET /api/products/pharmaceutical 304 - - 34.491 ms
GET /api/products/healthcare 304 - - 44.625 ms
GET /api/products/medicines 304 - - 582.937 ms
GET /api/products/medicines 304 - - 36.745 ms
GET /api/products/medicines 304 - - 843.182 ms
GET /api/products/healthcare 304 - - 835.714 ms
GET /api/products/medicines 304 - - 107.188 ms
GET /api/products/healthcare 304 - - 101.910 ms
GET /api/products/pharmaceutical 304 - - 1474.348 ms
GET /api/products/pharmaceutical 304 - - 101.060 ms
POST /api/auth/adminLogin 200 49 - 70.123 ms
POST /api/auth/adminLogin 200 49 - 45.004 ms
POST /api/auth/adminLogin 200 49 - 45.444 ms
POST /api/auth/adminLogin 200 49 - 39.643 ms
POST /api/auth/adminLogin 200 49 - 43.663 ms
POST /api/auth/adminLogin 200 49 - 55.773 ms
POST /api/auth/adminLogin 200 49 - 47.953 ms
POST /api/auth/adminLogin 200 49 - 36.978 ms
POST /api/auth/adminLogin 200 49 - 40.552 ms
POST /api/auth/adminLogin 200 49 - 40.842 ms
POST /api/auth/adminLogin 200 49 - 40.492 ms
POST /api/auth/adminLogin 200 15 - 68.624 ms
GET /api/users 200 957 - 63.824 ms
GET /api/services/alltransactions 200 2 - 61.164 ms
GET /api/users 304 - - 79.594 ms
GET /api/products 200 2 - 71.242 ms
GET /api/users/660e835781737fa699cd3d72 200 412 - 98.974 ms
GET /api/users 304 - - 40.539 ms
GET /api/services/alltransactions 304 - - 48.736 ms
GET /api/users 304 - - 37.313 ms
GET /api/products 304 - - 39.427 ms
