GET /api/users 304 - - 454.999 ms
GET /api/services/alltransactions 304 - - 472.255 ms
GET /api/users 304 - - 37.709 ms
GET /api/products 304 - - 276.613 ms
GET /api/users 304 - - 43.017 ms
GET /api/products 304 - - 77.385 ms
GET /api/users 304 - - 44.379 ms
GET /api/users 304 - - 42.846 ms
GET /api/services/alltransactions 304 - - 43.369 ms
GET /api/users 304 - - 38.601 ms
GET /api/products 304 - - 39.882 ms
GET /api/users 304 - - 58.117 ms
GET /api/products 304 - - 43.038 ms
GET /api/services/alltransactions 304 - - 41.439 ms
GET /api/services/allqueries 200 2 - 47.454 ms
POST /api/auth/adminLogin 200 15 - 43.545 ms
GET /api/users 304 - - 46.559 ms
GET /api/services/alltransactions 304 - - 41.930 ms
GET /api/users 304 - - 38.823 ms
GET /api/products 304 - - 43.220 ms
GET /api/users 304 - - 49.066 ms
GET /api/users 304 - - 41.359 ms
POST /api/auth/adminLogin 200 15 - 59.908 ms
GET /api/users 304 - - 57.942 ms
GET /api/services/alltransactions 304 - - 50.516 ms
GET /api/users 304 - - 42.365 ms
GET /api/products 304 - - 48.426 ms
GET /api/users 304 - - 49.849 ms
GET /api/users 304 - - 97.340 ms
GET /api/users 304 - - 51.971 ms
GET /api/services/alltransactions 304 - - 36.340 ms
GET /api/users 304 - - 48.674 ms
GET /api/products 304 - - 32.438 ms
GET /api/users 304 - - 40.459 ms
GET /api/users 304 - - 45.921 ms
GET /api/users 304 - - 48.496 ms
GET /api/users 304 - - 41.189 ms
GET /api/users 304 - - 51.126 ms
GET /api/products 304 - - 37.218 ms
GET /api/services/alltransactions 304 - - 46.019 ms
GET /api/users 304 - - 36.076 ms
GET /api/users/660e835781737fa699cd3d72 304 - - 46.204 ms
GET /api/users 304 - - 39.112 ms
GET /api/users 304 - - 38.836 ms
GET /api/users 304 - - 45.952 ms
GET /api/users 304 - - 45.062 ms
GET /api/users 304 - - 41.509 ms
GET /api/users 304 - - 43.820 ms
GET /api/users 304 - - 41.229 ms
GET /api/users 304 - - 45.011 ms
GET /api/users 304 - - 39.369 ms
